<?xml version="1.0" encoding="UTF-8"?>
<testng-results skipped="0" failed="0" ignored="0" total="1" passed="1">
  <reporter-output>
  </reporter-output>
  <suite name="Default suite" duration-ms="37962" started-at="2020-07-17T18:56:08 IST" finished-at="2020-07-17T18:56:45 IST">
    <groups>
    </groups>
    <test name="Default test" duration-ms="37962" started-at="2020-07-17T18:56:08 IST" finished-at="2020-07-17T18:56:45 IST">
      <class name="com.excel.test.PrintAllTable">
        <test-method status="PASS" signature="setUp()[pri:0, instance:com.excel.test.PrintAllTable@1d2a7e8]" name="setUp" is-config="true" duration-ms="15859" started-at="2020-07-17T18:56:08 IST" finished-at="2020-07-17T18:56:23 IST">
          <reporter-output>
          </reporter-output>
        </test-method> <!-- setUp -->
        <test-method status="PASS" signature="printAllTable()[pri:0, instance:com.excel.test.PrintAllTable@1d2a7e8]" name="printAllTable" duration-ms="21163" started-at="2020-07-17T18:56:23 IST" finished-at="2020-07-17T18:56:45 IST">
          <reporter-output>
          </reporter-output>
        </test-method> <!-- printAllTable -->
        <test-method status="PASS" signature="tearDown()[pri:0, instance:com.excel.test.PrintAllTable@1d2a7e8]" name="tearDown" is-config="true" duration-ms="825" started-at="2020-07-17T18:56:45 IST" finished-at="2020-07-17T18:56:45 IST">
          <reporter-output>
          </reporter-output>
        </test-method> <!-- tearDown -->
      </class> <!-- com.excel.test.PrintAllTable -->
    </test> <!-- Default test -->
  </suite> <!-- Default suite -->
</testng-results>
